<?xml version="1.0" encoding="UTF-8"?>
<testsuite xmlns:xsi="http://www.w3.org/2001/XMLSchema-instance" xsi:noNamespaceSchemaLocation="https://maven.apache.org/surefire/maven-surefire-plugin/xsd/surefire-test-report-3.0.xsd" version="3.0" name="com.enterprise.integrated.IntegratedServicesApplicationTests" time="3.22" tests="1" errors="0" skipped="0" failures="0">
  <properties>
[...]
</properties>
  <testcase name="contextLoads" classname="com.enterprise.integrated.IntegratedServicesApplicationTests" time="0.359">
    <system-out><![CDATA[16:44:49.651 [main] INFO org.springframework.test.context.support.AnnotationConfigContextLoaderUtils -- Could not detect default configuration classes for test class [com.enterprise.integrated.IntegratedServicesApplicationTests]: IntegratedServicesApplicationTests does not declare any static, non-private, non-final, nested classes annotated with @Configuration.
16:44:49.694 [main] INFO org.springframework.boot.test.context.SpringBootTestContextBootstrapper -- Found @SpringBootConfiguration com.enterprise.integrated.IntegratedServicesApplication for test class com.enterprise.integrated.IntegratedServicesApplicationTests
2025-09-08 16:44:49.894 - WARN 92165 --- [           main] c.a.nacos.client.logging.NacosLogging    : Load Logback Configuration of Nacos fail, message: Could not initialize Logback Nacos logging from classpath:nacos-logback.xml
-
  .   ____          _            __ _ _
 /\\ / ___'_ __ _ _(_)_ __  __ _ \ \ \ \
( ( )\___ | '_ | '_| | '_ \/ _` | \ \ \ \
 \\/  ___)| |_)| | | | | || (_| |  ) ) ) )
  '  |____| .__|_| |_|_| |_\__, | / / / /
 =========|_|==============|___/=/_/_/_/
 :: Spring Boot ::                (v3.1.5)

2025-09-08 16:44:49.910 - WARN 92165 --- [           main] c.a.nacos.client.logging.NacosLogging    : Load Logback Configuration of Nacos fail, message: Could not initialize Logback Nacos logging from classpath:nacos-logback.xml
-2025-09-08 16:44:49.913 - INFO 92165 --- [           main] c.e.i.IntegratedServicesApplicationTests : Starting IntegratedServicesApplicationTests using Java 17.0.15 with PID 92165 (started by alone in /Users/alone/Desktop/integrated-services-java17)
-2025-09-08 16:44:49.913 -DEBUG 92165 --- [           main] c.e.i.IntegratedServicesApplicationTests : Running with Spring Boot v3.1.5, Spring v6.0.13
-2025-09-08 16:44:49.913 - INFO 92165 --- [           main] c.e.i.IntegratedServicesApplicationTests : The following 1 profile is active: "test"
-Logging initialized using 'class org.apache.ibatis.logging.stdout.StdOutImpl' adapter.
Registered plugin: 'com.baomidou.mybatisplus.extension.plugins.MybatisPlusInterceptor@40ddf339'
Property 'mapperLocations' was not specified.
Initialization Sequence datacenterId:9 workerId:30
 _ _   |_  _ _|_. ___ _ |    _ 
| | |\/|_)(_| | |_\  |_)||_|_\ 
     /               |         
                        3.5.3.2 
2025-09-08 16:44:50.974 - WARN 92165 --- [           main] i.n.r.d.DnsServerAddressStreamProviders  : Can not find io.netty.resolver.dns.macos.MacOSDnsServerAddressStreamProvider in the classpath, fallback to system defaults. This may result in incorrect DNS resolutions on MacOS. Check whether you have a dependency on 'io.netty:netty-resolver-dns-native-macos'
-2025-09-08 16:44:51.253 -DEBUG 92165 --- [           main] c.ApiVersionRequestMappingHandlerMapping : 38 mappings in 'createRequestMappingHandlerMapping'
-2025-09-08 16:44:51.405 - INFO 92165 --- [           main] o.s.s.web.DefaultSecurityFilterChain     : Will secure any request with [org.springframework.security.web.session.DisableEncodeUrlFilter@79d3c655, org.springframework.security.web.context.request.async.WebAsyncManagerIntegrationFilter@42ea14b8, org.springframework.security.web.context.SecurityContextHolderFilter@2f025e9e, org.springframework.security.web.header.HeaderWriterFilter@78c5ef58, org.springframework.web.filter.CorsFilter@5837cb9e, org.springframework.security.web.authentication.logout.LogoutFilter@1952ad9d, com.enterprise.integrated.security.JwtAuthenticationFilter@2b409174, org.springframework.security.web.savedrequest.RequestCacheAwareFilter@3dabdd11, org.springframework.security.web.servletapi.SecurityContextHolderAwareRequestFilter@6530a1de, org.springframework.security.web.authentication.AnonymousAuthenticationFilter@74d3b331, org.springframework.security.web.session.SessionManagementFilter@1a06ec24, org.springframework.security.web.access.ExceptionTranslationFilter@58c80957, org.springframework.security.web.access.intercept.AuthorizationFilter@188058fb]
-2025-09-08 16:44:52.421 - INFO 92165 --- [           main] c.e.i.IntegratedServicesApplicationTests : Started IntegratedServicesApplicationTests in 2.679 seconds (process running for 3.066)
-2025-09-08 16:44:52.436 -DEBUG 92165 --- [           main] org.springframework.test.context.cache   : Spring test ApplicationContext cache statistics: [DefaultContextCache@69c7fb94 size = 1, maxSize = 32, parentContextCount = 0, hitCount = 0, missCount = 1]
-2025-09-08 16:44:52.437 -DEBUG 92165 --- [           main] o.s.t.c.w.ServletTestExecutionListener   : Setting up MockHttpServletRequest, MockHttpServletResponse, ServletWebRequest, and RequestContextHolder for test class com.enterprise.integrated.IntegratedServicesApplicationTests
-2025-09-08 16:44:52.441 -DEBUG 92165 --- [           main] DependencyInjectionTestExecutionListener : Performing dependency injection for test class com.enterprise.integrated.IntegratedServicesApplicationTests
-2025-09-08 16:44:52.441 -DEBUG 92165 --- [           main] org.springframework.test.context.cache   : Spring test ApplicationContext cache statistics: [DefaultContextCache@69c7fb94 size = 1, maxSize = 32, parentContextCount = 0, hitCount = 1, missCount = 1]
-2025-09-08 16:44:52.441 -DEBUG 92165 --- [           main] org.springframework.test.context.cache   : Spring test ApplicationContext cache statistics: [DefaultContextCache@69c7fb94 size = 1, maxSize = 32, parentContextCount = 0, hitCount = 2, missCount = 1]
-2025-09-08 16:44:52.443 -DEBUG 92165 --- [           main] sContextBeforeModesTestExecutionListener : Before test method: class [IntegratedServicesApplicationTests], method [contextLoads], class annotated with @DirtiesContext [false] with mode [null], method annotated with @DirtiesContext [false] with mode [null]
-2025-09-08 16:44:52.444 -DEBUG 92165 --- [           main] org.springframework.test.context.cache   : Spring test ApplicationContext cache statistics: [DefaultContextCache@69c7fb94 size = 1, maxSize = 32, parentContextCount = 0, hitCount = 3, missCount = 1]
-2025-09-08 16:44:52.446 -DEBUG 92165 --- [           main] org.springframework.test.context.cache   : Spring test ApplicationContext cache statistics: [DefaultContextCache@69c7fb94 size = 1, maxSize = 32, parentContextCount = 0, hitCount = 4, missCount = 1]
-2025-09-08 16:44:52.795 -DEBUG 92165 --- [           main] org.springframework.test.context.cache   : Spring test ApplicationContext cache statistics: [DefaultContextCache@69c7fb94 size = 1, maxSize = 32, parentContextCount = 0, hitCount = 5, missCount = 1]
-2025-09-08 16:44:52.797 -DEBUG 92165 --- [           main] org.springframework.test.context.cache   : Spring test ApplicationContext cache statistics: [DefaultContextCache@69c7fb94 size = 1, maxSize = 32, parentContextCount = 0, hitCount = 6, missCount = 1]
-2025-09-08 16:44:52.797 -DEBUG 92165 --- [           main] org.springframework.test.context.cache   : Spring test ApplicationContext cache statistics: [DefaultContextCache@69c7fb94 size = 1, maxSize = 32, parentContextCount = 0, hitCount = 7, missCount = 1]
-2025-09-08 16:44:52.798 -DEBUG 92165 --- [           main] org.springframework.test.context.cache   : Spring test ApplicationContext cache statistics: [DefaultContextCache@69c7fb94 size = 1, maxSize = 32, parentContextCount = 0, hitCount = 8, missCount = 1]
-2025-09-08 16:44:52.798 -DEBUG 92165 --- [           main] org.springframework.test.context.cache   : Spring test ApplicationContext cache statistics: [DefaultContextCache@69c7fb94 size = 1, maxSize = 32, parentContextCount = 0, hitCount = 9, missCount = 1]
-2025-09-08 16:44:52.798 -DEBUG 92165 --- [           main] org.springframework.test.context.cache   : Spring test ApplicationContext cache statistics: [DefaultContextCache@69c7fb94 size = 1, maxSize = 32, parentContextCount = 0, hitCount = 10, missCount = 1]
-2025-09-08 16:44:52.799 -DEBUG 92165 --- [           main] org.springframework.test.context.cache   : Spring test ApplicationContext cache statistics: [DefaultContextCache@69c7fb94 size = 1, maxSize = 32, parentContextCount = 0, hitCount = 11, missCount = 1]
-2025-09-08 16:44:52.799 -DEBUG 92165 --- [           main] org.springframework.test.context.cache   : Spring test ApplicationContext cache statistics: [DefaultContextCache@69c7fb94 size = 1, maxSize = 32, parentContextCount = 0, hitCount = 12, missCount = 1]
-2025-09-08 16:44:52.800 -DEBUG 92165 --- [           main] .c.s.DirtiesContextTestExecutionListener : After test method: class [IntegratedServicesApplicationTests], method [contextLoads], class annotated with @DirtiesContext [false] with mode [null], method annotated with @DirtiesContext [false] with mode [null]
-2025-09-08 16:44:52.800 -DEBUG 92165 --- [           main] o.s.t.c.w.ServletTestExecutionListener   : Resetting RequestContextHolder for test class com.enterprise.integrated.IntegratedServicesApplicationTests
-]]></system-out>
  </testcase>
</testsuite>